<?xml version="1.0" encoding="UTF-8"?>
<!-- Generated by org.testng.reporters.JUnitReportReporter -->
<testsuite skipped="0" hostname="Admin" name="mypackage.test.TestDemo" tests="2" failures="0" timestamp="27 Aug 2018 16:26:51 GMT" time="30.702" errors="0">
  <testcase name="bing" time="18.865" classname="mypackage.test.TestDemo"/>
  <testcase name="google" time="11.837" classname="mypackage.test.TestDemo"/>
</testsuite> <!-- mypackage.test.TestDemo -->
