<?xml version="1.0" encoding="UTF-8"?>
<!-- Generated by org.testng.reporters.JUnitReportReporter -->
<testsuite skipped="0" hostname="Admin" name="mypackage.test.TestDemo3" tests="1" failures="0" timestamp="27 Aug 2018 16:26:51 GMT" time="90.666" errors="0">
  <testcase name="yahoo" time="90.666" classname="mypackage.test.TestDemo3"/>
</testsuite> <!-- mypackage.test.TestDemo3 -->
